['arranged by township giving name of licence holder ; situation and sign of premises ; name of owner ; convictions on premises ; date of transfer of licence ; plans ( incomplete ) .', 'arranged', '0', '1:organised', '2:planned', '3:conducted', '4:promoted', '5:set up']
['the physical education , swimming and outdoor learning ( pesol ) team focuses on the health , safety and wellbeing of young people through a broad range of activities .', 'broad', '25', '1:big', '2:wide', '3:great', '4:large', '5:sizeable']
['at least every 4 years or whenever the council wishes to amend its scheme , an independent remuneration panel has to consider the scheme and make recommendations to the council .', 'amend', '11', '1:change', '2:update', '3:modify', '4:improve on', '5:improve upon']
["make sure your child 's name is placed on the register at the learning destination , and they 'll send us their register to let us know to award credits .", 'award', '28', '1:give', '2:grant', '3:allocate', '4:provide', '5:concede']
["from the late 1920s , the addition of sound to film spurred another new wave of theatres in the 1930s , with the paragon becoming sheffield 's first cinema designed in the sound era .", 'spurred', '11', '1:started', '2:initiated', '3:provoked', '4:kicked off', '5:promoted']
["the committee promotes and maintains high standards of conduct by councillors and co-opted members and oversees the members' code of conduct .", 'oversees', '15', '1:supervises', '2:manages', '3:moderates', '4:watches over', '5:polices']
['development will be steered to areas with a low probability of flooding first through the application of the sequential test .', 'steered', '3', '1:moved', '2:redirected', '3:reallocated', '4:driven']
['the scheme seeks to improve traffic flows along handsworth road in the vicinity of the asda junction , just above the a630 parkway .', 'seeks', '2', '1:aims', '2:tries', '3:pursues', '4:has the goal', '5:attempts']
['the revised scheme would be funded from\xc2\xa0better bus area\xc2\xa0funding ( a government grant to the sheffield bus partnership ) and a contribution from the sheffield city region investment fund .', 'revised', '1', '1:reviewed', '2:updated', '3:re-evaluated', '4:modified', '5:reassessed']
['licences will not be issued to applicants who have had a site licence revoked within three years of the current application .', 'issued', '4', '1:given', '2:provided', '3:sent', '4:released', '5:supplied']
['developing and stimulating local economic growth is a key component of sustainability , providing local employment opportunities and services and reducing the need to travel .', 'stimulating', '2', '1:creating', '2:motivating', '3:increasing', '4:promoting', '5:fostering']
['greenhill is situated approximately 7km south of the city centre and close to the outer ring road and edge of the city .', 'situated', '2', '1:located', '2:placed', '3:based', '4:positioned', '5:set']
['if you disobey this order you will be guilty of contempt of court and may be sent to prison or fined or your assets seized .', 'assets', '23', '1:belongings', '2:possessions', '3:properties', '4:valuables']
['the pet advisory committee suggest setting_aside a designated area for your garden , using a command word before they go to the toilet and praising them when finished .', 'setting aside', '5', '1:choosing', '2:selecting', '3:reserving', '4:establishing']
['pv systems can vary_significantly in price but prices have come down substantially since the launch of the\xc2\xa0feed in tariff .', 'vary significantly', '3', '1:change a lot', '2:vary a lot', '3:vary largely', '4:greatly vary', '5:fluctuate']
['depending on location , applications that include proposals for lighting sports pitches , car parks and large_scale buildings can raise issues relating to glare and light pollution .', 'large scale', '16', '1:big', '2:massive', '3:sizeable', '4:substantially sized']
['the physical education , swimming and outdoor learning (pesol) team focuses on the health , safety and wellbeing of young people through a_broad_range_of activities .', 'a brmkdir: cannot create directory ‘../../../corpora/substitutions/’: File exists
oad range of', '22', '1:many', '2:multiple', '3:varied', '4:assorted']
['for example we can recommend a more_suitable payment method , change the date of your payment or give you advice on claiming benefits or allowances that you may be entitled to .', 'more suitable', '6', '1:better', '2:different', '3:more appropriate', '4:more fitting']
["it is really important for us to understand what 's happening in the housing market , and to be_aware_of how this may be changing .", 'be aware of', '18', '1:see', '2:understand', '3:perceive', '4:comprehend', '5:grasp']
['many government documents describe the importance of giving children and young people a say in matters that affect their lives .', 'matters', '15', '1:things', '2:situations', '3:events', '4:circumstances', '5:regards']
